<?xml version="1.0" encoding="UTF-8"?>
<!-- Generated by org.testng.reporters.JUnitReportReporter -->
<testsuite hostname="GOD" failures="0" tests="9" name="com.enhance.rtt.testcases.TC_001_TradeMeApi" time="0.111" errors="0" timestamp="6 Apr 2022 23:57:41 GMT">
  <testcase classname="com.enhance.rtt.testcases.TC_001_TradeMeApi" name="ValidateCategory" time="0.002"/>
  <testcase classname="com.enhance.rtt.testcases.TC_001_TradeMeApi" name="ValidateReservePrice" time="0.002"/>
  <testcase classname="com.enhance.rtt.testcases.TC_001_TradeMeApi" name="ValidateCores" time="0.018"/>
  <testcase classname="com.enhance.rtt.testcases.TC_001_TradeMeApi" name="ValidateTitle" time="0.003"/>
  <testcase classname="com.enhance.rtt.testcases.TC_001_TradeMeApi" name="ValidateBuyNowPrice" time="0.077"/>
  <testcase classname="com.enhance.rtt.testcases.TC_001_TradeMeApi" name="ValidateScreenSize" time="0.003"/>
  <testcase classname="com.enhance.rtt.testcases.TC_001_TradeMeApi" name="ValidateStartPrice" time="0.002"/>
  <testcase classname="com.enhance.rtt.testcases.TC_001_TradeMeApi" name="ValidateMemory" time="0.002"/>
  <testcase classname="com.enhance.rtt.testcases.TC_001_TradeMeApi" name="ValidateHardDriveSize" time="0.002"/>
</testsuite> <!-- com.enhance.rtt.testcases.TC_001_TradeMeApi -->
